{"C:\\formaciones\\skylab-coders\\202109\\semana-6\\demos\\node\\http-2-express\\database\\models\\pet.js": {"path":"C:\\formaciones\\skylab-coders\\202109\\semana-6\\demos\\node\\http-2-express\\database\\models\\pet.js","statementMap":{"0":{"start":{"line":1,"column":26},"end":{"line":1,"column":45}},"1":{"start":{"line":3,"column":18},"end":{"line":13,"column":2}},"2":{"start":{"line":15,"column":12},"end":{"line":15,"column":35}},"3":{"start":{"line":17,"column":0},"end":{"line":17,"column":21}}},"fnMap":{},"branchMap":{},"s":{"0":1,"1":1,"2":1,"3":1},"f":{},"b":{},"_coverageSchema":"1a1c01bbd47fc00a2c39e90264f33305004495a9","hash":"18b1e79a2da6456ba65f48379d64a04f4c751e0c"}
,"C:\\formaciones\\skylab-coders\\202109\\semana-6\\demos\\node\\http-2-express\\server\\controller\\petsController.js": {"path":"C:\\formaciones\\skylab-coders\\202109\\semana-6\\demos\\node\\http-2-express\\server\\controller\\petsController.js","statementMap":{"0":{"start":{"line":1,"column":12},"end":{"line":1,"column":48}},"1":{"start":{"line":3,"column":16},"end":{"line":6,"column":1}},"2":{"start":{"line":4,"column":15},"end":{"line":4,"column":31}},"3":{"start":{"line":5,"column":2},"end":{"line":5,"column":17}},"4":{"start":{"line":8,"column":19},"end":{"line":23,"column":1}},"5":{"start":{"line":9,"column":17},"end":{"line":9,"column":27}},"6":{"start":{"line":10,"column":2},"end":{"line":22,"column":3}},"7":{"start":{"line":11,"column":24},"end":{"line":11,"column":46}},"8":{"start":{"line":12,"column":4},"end":{"line":18,"column":5}},"9":{"start":{"line":13,"column":6},"end":{"line":13,"column":28}},"10":{"start":{"line":15,"column":20},"end":{"line":15,"column":46}},"11":{"start":{"line":16,"column":6},"end":{"line":16,"column":23}},"12":{"start":{"line":17,"column":6},"end":{"line":17,"column":18}},"13":{"start":{"line":20,"column":4},"end":{"line":20,"column":21}},"14":{"start":{"line":21,"column":4},"end":{"line":21,"column":16}},"15":{"start":{"line":25,"column":18},"end":{"line":35,"column":1}},"16":{"start":{"line":26,"column":2},"end":{"line":34,"column":3}},"17":{"start":{"line":27,"column":16},"end":{"line":27,"column":24}},"18":{"start":{"line":28,"column":19},"end":{"line":28,"column":40}},"19":{"start":{"line":29,"column":4},"end":{"line":29,"column":21}},"20":{"start":{"line":31,"column":4},"end":{"line":31,"column":21}},"21":{"start":{"line":32,"column":4},"end":{"line":32,"column":29}},"22":{"start":{"line":33,"column":4},"end":{"line":33,"column":16}},"23":{"start":{"line":37,"column":0},"end":{"line":41,"column":2}}},"fnMap":{"0":{"name":"(anonymous_0)","decl":{"start":{"line":3,"column":16},"end":{"line":3,"column":17}},"loc":{"start":{"line":3,"column":36},"end":{"line":6,"column":1}},"line":3},"1":{"name":"(anonymous_1)","decl":{"start":{"line":8,"column":19},"end":{"line":8,"column":20}},"loc":{"start":{"line":8,"column":45},"end":{"line":23,"column":1}},"line":8},"2":{"name":"(anonymous_2)","decl":{"start":{"line":25,"column":18},"end":{"line":25,"column":19}},"loc":{"start":{"line":25,"column":44},"end":{"line":35,"column":1}},"line":25}},"branchMap":{"0":{"loc":{"start":{"line":12,"column":4},"end":{"line":18,"column":5}},"type":"if","locations":[{"start":{"line":12,"column":4},"end":{"line":18,"column":5}},{"start":{"line":14,"column":11},"end":{"line":18,"column":5}}],"line":12}},"s":{"0":1,"1":1,"2":1,"3":1,"4":1,"5":0,"6":0,"7":0,"8":0,"9":0,"10":0,"11":0,"12":0,"13":0,"14":0,"15":1,"16":0,"17":0,"18":0,"19":0,"20":0,"21":0,"22":0,"23":1},"f":{"0":1,"1":0,"2":0},"b":{"0":[0,0]},"_coverageSchema":"1a1c01bbd47fc00a2c39e90264f33305004495a9","hash":"18a40ac51b33107694f9ee6e5b55382e07479f58"}
}
